Arguments: 
  /Users/coolone/.nvm/versions/node/v10.17.0/bin/node /usr/local/Cellar/yarn/1.22.5/libexec/bin/yarn.js add boodstrap

PATH: 
  /Users/coolone/google-cloud-sdk/bin:/Users/coolone/.nvm/versions/node/v10.17.0/bin:/usr/local/bin:/usr/bin:/bin:/usr/sbin:/sbin:/usr/local/share/dotnet:~/.dotnet/tools:/Library/Apple/usr/bin:/Library/Frameworks/Mono.framework/Versions/Current/Commands:/Applications/Xamarin Workbooks.app/Contents/SharedSupport/path-bin:/Users/coolone/flutter/bin:/Users/coolone/flutter/.pub-cache/bin:/Library/Java/JavaVirtualMachines/adoptopenjdk-8.jdk/Contents/Home/bin

Yarn version: 
  1.22.5

Node version: 
  10.17.0

Platform: 
  darwin x64

Trace: 
  Error: https://registry.yarnpkg.com/boodstrap: Not found
      at Request.params.callback [as _callback] (/usr/local/Cellar/yarn/1.22.5/libexec/lib/cli.js:66988:18)
      at Request.self.callback (/usr/local/Cellar/yarn/1.22.5/libexec/lib/cli.js:140749:22)
      at Request.emit (events.js:198:13)
      at Request.<anonymous> (/usr/local/Cellar/yarn/1.22.5/libexec/lib/cli.js:141721:10)
      at Request.emit (events.js:198:13)
      at IncomingMessage.<anonymous> (/usr/local/Cellar/yarn/1.22.5/libexec/lib/cli.js:141643:12)
      at Object.onceWrapper (events.js:286:20)
      at IncomingMessage.emit (events.js:203:15)
      at endReadableNT (_stream_readable.js:1143:12)
      at process._tickCallback (internal/process/next_tick.js:63:19)

npm manifest: 
  {
      "name": "personal_site",
      "dependencies": {
          "tiny-slider": "^2.9.3"
      }
  }

yarn manifest: 
  No manifest

Lockfile: 
  # THIS IS AN AUTOGENERATED FILE. DO NOT EDIT THIS FILE DIRECTLY.
  # yarn lockfile v1
  
  
  tiny-slider@^2.9.3:
    version "2.9.3"
    resolved "https://registry.yarnpkg.com/tiny-slider/-/tiny-slider-2.9.3.tgz#94d8158f704f3192fef1634c0ae6779fb14ea04e"
    integrity sha512-KZY45m+t3fb3Kwlqsic0PIos1lgTNXBEC5N/AhI3aNEcryrd0nXohZMbVPMkcNYdbLjY1IUJAXWYAO6/RGJnKw==
